Args in experiment:
Namespace(random_seed=2021, is_training=1, model_id='ETH2019_2024_336_60', model='PatchTST', data='custom', root_path='./dataset/', data_path='ETH2019_2024.csv', features='MS', target='Close', freq='d', checkpoints='./checkpoints/', seq_len=336, label_len=48, pred_len=60, fc_dropout=0.2, head_dropout=0.0, patch_len=16, stride=8, padding_patch='end', revin=1, affine=0, subtract_last=0, decomposition=0, kernel_size=25, individual=0, embed_type=0, enc_in=5, dec_in=7, c_out=7, d_model=128, n_heads=16, e_layers=3, d_layers=1, d_ff=256, moving_avg=25, factor=1, distil=True, dropout=0.2, embed='timeF', activation='gelu', output_attention=False, do_predict=True, num_workers=10, itr=1, train_epochs=1, batch_size=128, patience=20, learning_rate=0.0001, des='Exp', loss='mse', lradj='TST', pct_start=0.4, use_amp=False, use_gpu=False, gpu=0, use_multi_gpu=False, devices='0,1,2,3', test_flop=False)
Use CPU
>>>>>>>start training : ETH2019_2024_336_60_PatchTST_custom_ftMS_sl336_ll48_pl60_dm128_nh16_el3_dl1_df256_fc1_ebtimeF_dtTrue_Exp_0>>>>>>>>>>>>>>>>>>>>>>>>>>
train 875
val 123
test 304
Epoch: 1 cost time: 39.36039638519287
Epoch: 1, Steps: 6 | Train Loss: 0.6997334 Vali Loss: nan Test Loss: 0.0395709
Validation loss decreased (inf --> nan).  Saving model ...
Updating learning rate to 1.7860948073195e-05
>>>>>>>testing : ETH2019_2024_336_60_PatchTST_custom_ftMS_sl336_ll48_pl60_dm128_nh16_el3_dl1_df256_fc1_ebtimeF_dtTrue_Exp_0<<<<<<<<<<<<<<<<<<<<<<<<<<<<<<<<<
test 304
rmse: 0.19892443716526031, mse:0.03957093134522438, mape: 0.48721760511398315, mae:0.16593816876411438, rse:1.7114821672439575, mspe: 0.32344162464141846, corr: [-0.06728858 -0.02566334 -0.00514303 -0.02413644 -0.03846717 -0.04262153
 -0.0201944  -0.05716099  0.01033361 -0.04726149 -0.02640974 -0.05962504
 -0.01190629 -0.02205172 -0.04189788 -0.00683599 -0.01647393 -0.03303979
 -0.05727727 -0.06848324 -0.03991541 -0.039906   -0.06804861 -0.06277532
 -0.03089768 -0.06248449 -0.06360405 -0.06580231 -0.05222759 -0.04032584
 -0.0350275  -0.00575525 -0.05873278 -0.07508977 -0.07834838 -0.03074345
 -0.01452211  0.00042028 -0.06255255 -0.08696152 -0.02409329 -0.04742979
 -0.03480181 -0.06393816  0.00982575 -0.03953441 -0.04076769 -0.00444493
 -0.01571168 -0.00175108 -0.05600122 -0.00787004 -0.01621484 -0.07863007
  0.01985694 -0.04884781 -0.02912922 -0.03614949 -0.02224869  0.03727935]
>>>>>>>predicting : ETH2019_2024_336_60_PatchTST_custom_ftMS_sl336_ll48_pl60_dm128_nh16_el3_dl1_df256_fc1_ebtimeF_dtTrue_Exp_0<<<<<<<<<<<<<<<<<<<<<<<<<<<<<<<<<
pred 1
