Args in experiment:
Namespace(random_seed=2021, is_training=1, model_id='ETH2019_2024_336_31', model='PatchTST', data='custom', root_path='./dataset/', data_path='ETH2019_2024.csv', features='MS', target='Close', freq='d', checkpoints='./checkpoints/', seq_len=336, label_len=48, pred_len=31, fc_dropout=0.2, head_dropout=0.0, patch_len=16, stride=8, padding_patch='end', revin=1, affine=0, subtract_last=0, decomposition=0, kernel_size=25, individual=0, embed_type=0, enc_in=5, dec_in=7, c_out=7, d_model=128, n_heads=16, e_layers=3, d_layers=1, d_ff=256, moving_avg=25, factor=1, distil=True, dropout=0.2, embed='timeF', activation='gelu', output_attention=False, do_predict=True, num_workers=10, itr=1, train_epochs=1, batch_size=128, patience=20, learning_rate=0.0001, des='Exp', loss='mse', lradj='TST', pct_start=0.4, use_amp=False, use_gpu=True, gpu=0, use_multi_gpu=False, devices='0,1,2,3', test_flop=False)
Use GPU: cuda:0
>>>>>>>start training : ETH2019_2024_336_31_PatchTST_custom_ftMS_sl336_ll48_pl31_dm128_nh16_el3_dl1_df256_fc1_ebtimeF_dtTrue_Exp_0>>>>>>>>>>>>>>>>>>>>>>>>>>
train 904
val 152
test 333
Epoch: 1 cost time: 32.13459825515747
Epoch: 1, Steps: 7 | Train Loss: 0.6238176 Vali Loss: 0.2158365 Test Loss: 0.0347221
Validation loss decreased (inf --> 0.215837).  Saving model ...
Updating learning rate to 1.3347753018883054e-05
>>>>>>>testing : ETH2019_2024_336_31_PatchTST_custom_ftMS_sl336_ll48_pl31_dm128_nh16_el3_dl1_df256_fc1_ebtimeF_dtTrue_Exp_0<<<<<<<<<<<<<<<<<<<<<<<<<<<<<<<<<
test 333
rmse: 0.18633872270584106, mse:0.03472211956977844, mape: 0.4986773133277893, mae:0.15583772957324982, rse:1.8804352283477783, mspe: 0.3533676862716675, corr: [-0.06211223 -0.02225888 -0.00295232 -0.01876946 -0.03602609 -0.03433346
 -0.01642491 -0.05173892  0.0056219  -0.05414179 -0.02603639 -0.05875783
 -0.01312214 -0.0366533  -0.05004596 -0.00912774 -0.02416052 -0.0374333
 -0.05303747 -0.07021635 -0.04095903 -0.04163635 -0.0707849  -0.06467829
 -0.03840487 -0.06590798 -0.0670222  -0.06949964 -0.05606999 -0.05379915
 -0.0387246 ]
>>>>>>>predicting : ETH2019_2024_336_31_PatchTST_custom_ftMS_sl336_ll48_pl31_dm128_nh16_el3_dl1_df256_fc1_ebtimeF_dtTrue_Exp_0<<<<<<<<<<<<<<<<<<<<<<<<<<<<<<<<<
pred 1
