Args in experiment:
Namespace(random_seed=2021, is_training=1, model_id='336_30', model='PatchTST', data='custom', root_path='./dataset/', data_path='BTC.csv', features='MS', target='Close', freq='d', checkpoints='./checkpoints/', seq_len=336, label_len=48, pred_len=30, fc_dropout=0.2, head_dropout=0.0, patch_len=16, stride=8, padding_patch='end', revin=1, affine=0, subtract_last=0, decomposition=0, kernel_size=25, individual=0, embed_type=0, enc_in=5, dec_in=7, c_out=7, d_model=128, n_heads=16, e_layers=3, d_layers=1, d_ff=256, moving_avg=25, factor=1, distil=True, dropout=0.2, embed='timeF', activation='gelu', output_attention=False, do_predict=False, num_workers=10, itr=1, train_epochs=100, batch_size=128, patience=10, learning_rate=0.0001, des='Exp', loss='mse', lradj='type3', pct_start=0.4, use_amp=False, use_gpu=True, gpu=0, use_multi_gpu=False, devices='0,1,2,3', test_flop=False)
Use GPU: cuda:0
>>>>>>>start training : 336_30_PatchTST_custom_ftMS_sl336_ll48_pl30_dm128_nh16_el3_dl1_df256_fc1_ebtimeF_dtTrue_Exp_0>>>>>>>>>>>>>>>>>>>>>>>>>>
train 905
val 153
test 334
Epoch: 1 cost time: 40.14927053451538
Epoch: 1, Steps: 7 | Train Loss: 0.8134164 Vali Loss: 0.5756106 Test Loss: 0.1157733
Validation loss decreased (inf --> 0.575611).  Saving model ...
Updating learning rate to 0.0001
Epoch: 2 cost time: 29.492786169052124
Epoch: 2, Steps: 7 | Train Loss: 0.5483006 Vali Loss: 0.0503964 Test Loss: 0.0615647
Validation loss decreased (0.575611 --> 0.050396).  Saving model ...
Updating learning rate to 0.0001
Epoch: 3 cost time: 29.951645135879517
Epoch: 3, Steps: 7 | Train Loss: 0.4166706 Vali Loss: 0.1518428 Test Loss: 0.0661918
EarlyStopping counter: 1 out of 10
Updating learning rate to 0.0001
Epoch: 4 cost time: 33.01073956489563
Epoch: 4, Steps: 7 | Train Loss: 0.3334877 Vali Loss: 0.0769305 Test Loss: 0.0460179
EarlyStopping counter: 2 out of 10
Updating learning rate to 9e-05
Epoch: 5 cost time: 30.65329122543335
Epoch: 5, Steps: 7 | Train Loss: 0.2479309 Vali Loss: 0.0934041 Test Loss: 0.0424466
EarlyStopping counter: 3 out of 10
Updating learning rate to 8.1e-05
Epoch: 6 cost time: 32.22880005836487
Epoch: 6, Steps: 7 | Train Loss: 0.2260293 Vali Loss: 0.1131905 Test Loss: 0.0415898
EarlyStopping counter: 4 out of 10
Updating learning rate to 7.290000000000001e-05
Epoch: 7 cost time: 31.620149850845337
Epoch: 7, Steps: 7 | Train Loss: 0.1979460 Vali Loss: 0.0817447 Test Loss: 0.0376331
EarlyStopping counter: 5 out of 10
Updating learning rate to 6.561e-05
Epoch: 8 cost time: 31.938199758529663
Epoch: 8, Steps: 7 | Train Loss: 0.1684038 Vali Loss: 0.0730781 Test Loss: 0.0356695
EarlyStopping counter: 6 out of 10
Updating learning rate to 5.904900000000001e-05
Epoch: 9 cost time: 32.18059182167053
Epoch: 9, Steps: 7 | Train Loss: 0.1545350 Vali Loss: 0.0692918 Test Loss: 0.0350631
EarlyStopping counter: 7 out of 10
Updating learning rate to 5.3144100000000005e-05
Epoch: 10 cost time: 32.521565198898315
Epoch: 10, Steps: 7 | Train Loss: 0.1434095 Vali Loss: 0.0663904 Test Loss: 0.0345570
EarlyStopping counter: 8 out of 10
Updating learning rate to 4.782969000000001e-05
Epoch: 11 cost time: 31.983656883239746
Epoch: 11, Steps: 7 | Train Loss: 0.1327530 Vali Loss: 0.0654204 Test Loss: 0.0348200
EarlyStopping counter: 9 out of 10
Updating learning rate to 4.304672100000001e-05
Epoch: 12 cost time: 32.8180365562439
Epoch: 12, Steps: 7 | Train Loss: 0.1274123 Vali Loss: 0.0707559 Test Loss: 0.0355288
EarlyStopping counter: 10 out of 10
Early stopping
>>>>>>>testing : 336_30_PatchTST_custom_ftMS_sl336_ll48_pl30_dm128_nh16_el3_dl1_df256_fc1_ebtimeF_dtTrue_Exp_0<<<<<<<<<<<<<<<<<<<<<<<<<<<<<<<<<
test 334
mse:0.06156470626592636, mae:0.20068475604057312, rse:1.5345462560653687
