Args in experiment:
Namespace(random_seed=2021, is_training=1, model_id='336_60', model='PatchTST', data='custom', root_path='./dataset/', data_path='BTC.csv', features='MS', target='Close', freq='d', checkpoints='./checkpoints/', seq_len=336, label_len=48, pred_len=60, fc_dropout=0.2, head_dropout=0.0, patch_len=16, stride=8, padding_patch='end', revin=1, affine=0, subtract_last=0, decomposition=0, kernel_size=25, individual=0, embed_type=0, enc_in=5, dec_in=7, c_out=7, d_model=128, n_heads=16, e_layers=3, d_layers=1, d_ff=256, moving_avg=25, factor=1, distil=True, dropout=0.2, embed='timeF', activation='gelu', output_attention=False, do_predict=False, num_workers=10, itr=1, train_epochs=100, batch_size=128, patience=10, learning_rate=0.0001, des='Exp', loss='mse', lradj='type3', pct_start=0.4, use_amp=False, use_gpu=True, gpu=0, use_multi_gpu=False, devices='0,1,2,3', test_flop=False)
Use GPU: cuda:0
>>>>>>>start training : 336_60_PatchTST_custom_ftMS_sl336_ll48_pl60_dm128_nh16_el3_dl1_df256_fc1_ebtimeF_dtTrue_Exp_0>>>>>>>>>>>>>>>>>>>>>>>>>>
train 875
val 123
test 304
Epoch: 1 cost time: 32.02582406997681
Epoch: 1, Steps: 6 | Train Loss: 0.8815058 Vali Loss: nan Test Loss: 0.1512493
Validation loss decreased (inf --> nan).  Saving model ...
Updating learning rate to 0.0001
Epoch: 2 cost time: 28.711519956588745
Epoch: 2, Steps: 6 | Train Loss: 0.6642414 Vali Loss: nan Test Loss: 0.0907223
Validation loss decreased (nan --> nan).  Saving model ...
Updating learning rate to 0.0001
Epoch: 3 cost time: 31.59068012237549
Epoch: 3, Steps: 6 | Train Loss: 0.5102087 Vali Loss: nan Test Loss: 0.0888895
Validation loss decreased (nan --> nan).  Saving model ...
Updating learning rate to 0.0001
Epoch: 4 cost time: 29.89325714111328
Epoch: 4, Steps: 6 | Train Loss: 0.4631502 Vali Loss: nan Test Loss: 0.0770934
Validation loss decreased (nan --> nan).  Saving model ...
Updating learning rate to 9e-05
Epoch: 5 cost time: 28.047834634780884
Epoch: 5, Steps: 6 | Train Loss: 0.3913708 Vali Loss: nan Test Loss: 0.0730057
Validation loss decreased (nan --> nan).  Saving model ...
Updating learning rate to 8.1e-05
Epoch: 6 cost time: 29.84937858581543
Epoch: 6, Steps: 6 | Train Loss: 0.3353745 Vali Loss: nan Test Loss: 0.0751794
Validation loss decreased (nan --> nan).  Saving model ...
Updating learning rate to 7.290000000000001e-05
Epoch: 7 cost time: 28.757214784622192
Epoch: 7, Steps: 6 | Train Loss: 0.3229583 Vali Loss: nan Test Loss: 0.0740210
Validation loss decreased (nan --> nan).  Saving model ...
Updating learning rate to 6.561e-05
Epoch: 8 cost time: 27.795193433761597
Epoch: 8, Steps: 6 | Train Loss: 0.2934068 Vali Loss: nan Test Loss: 0.0696888
Validation loss decreased (nan --> nan).  Saving model ...
Updating learning rate to 5.904900000000001e-05
Epoch: 9 cost time: 31.966363191604614
Epoch: 9, Steps: 6 | Train Loss: 0.2706801 Vali Loss: nan Test Loss: 0.0672720
Validation loss decreased (nan --> nan).  Saving model ...
Updating learning rate to 5.3144100000000005e-05
Epoch: 10 cost time: 38.090404987335205
Epoch: 10, Steps: 6 | Train Loss: 0.2515963 Vali Loss: nan Test Loss: 0.0668287
Validation loss decreased (nan --> nan).  Saving model ...
Updating learning rate to 4.782969000000001e-05
Epoch: 11 cost time: 30.554133892059326
Epoch: 11, Steps: 6 | Train Loss: 0.2379586 Vali Loss: nan Test Loss: 0.0673194
Validation loss decreased (nan --> nan).  Saving model ...
Updating learning rate to 4.304672100000001e-05
Epoch: 12 cost time: 36.0991473197937
Epoch: 12, Steps: 6 | Train Loss: 0.2240419 Vali Loss: nan Test Loss: 0.0685102
Validation loss decreased (nan --> nan).  Saving model ...
Updating learning rate to 3.874204890000001e-05
Epoch: 13 cost time: 33.976441383361816
Epoch: 13, Steps: 6 | Train Loss: 0.2069806 Vali Loss: nan Test Loss: 0.0701150
Validation loss decreased (nan --> nan).  Saving model ...
Updating learning rate to 3.486784401000001e-05
Epoch: 14 cost time: 34.75729751586914
Epoch: 14, Steps: 6 | Train Loss: 0.2083629 Vali Loss: nan Test Loss: 0.0716052
Validation loss decreased (nan --> nan).  Saving model ...
Updating learning rate to 3.138105960900001e-05
Epoch: 15 cost time: 34.181318044662476
Epoch: 15, Steps: 6 | Train Loss: 0.2003579 Vali Loss: nan Test Loss: 0.0731111
Validation loss decreased (nan --> nan).  Saving model ...
Updating learning rate to 2.824295364810001e-05
Epoch: 16 cost time: 32.74544596672058
Epoch: 16, Steps: 6 | Train Loss: 0.1944033 Vali Loss: nan Test Loss: 0.0744136
Validation loss decreased (nan --> nan).  Saving model ...
Updating learning rate to 2.541865828329001e-05
Epoch: 17 cost time: 33.548211097717285
Epoch: 17, Steps: 6 | Train Loss: 0.1880709 Vali Loss: nan Test Loss: 0.0750929
Validation loss decreased (nan --> nan).  Saving model ...
Updating learning rate to 2.287679245496101e-05
Epoch: 18 cost time: 32.91478371620178
Epoch: 18, Steps: 6 | Train Loss: 0.1909007 Vali Loss: nan Test Loss: 0.0756675
Validation loss decreased (nan --> nan).  Saving model ...
Updating learning rate to 2.0589113209464907e-05
Epoch: 19 cost time: 33.546706199645996
Epoch: 19, Steps: 6 | Train Loss: 0.1836941 Vali Loss: nan Test Loss: 0.0758138
Validation loss decreased (nan --> nan).  Saving model ...
Updating learning rate to 1.8530201888518416e-05
Epoch: 20 cost time: 33.032283306121826
Epoch: 20, Steps: 6 | Train Loss: 0.1774212 Vali Loss: nan Test Loss: 0.0763946
Validation loss decreased (nan --> nan).  Saving model ...
Updating learning rate to 1.6677181699666577e-05
Epoch: 21 cost time: 33.66187262535095
Epoch: 21, Steps: 6 | Train Loss: 0.1767270 Vali Loss: nan Test Loss: 0.0766612
Validation loss decreased (nan --> nan).  Saving model ...
Updating learning rate to 1.5009463529699919e-05
Epoch: 22 cost time: 31.73296046257019
Epoch: 22, Steps: 6 | Train Loss: 0.1715834 Vali Loss: nan Test Loss: 0.0771702
Validation loss decreased (nan --> nan).  Saving model ...
Updating learning rate to 1.3508517176729929e-05
Epoch: 23 cost time: 30.699047088623047
Epoch: 23, Steps: 6 | Train Loss: 0.1670745 Vali Loss: nan Test Loss: 0.0775718
Validation loss decreased (nan --> nan).  Saving model ...
Updating learning rate to 1.2157665459056936e-05
Epoch: 24 cost time: 31.52316451072693
Epoch: 24, Steps: 6 | Train Loss: 0.1756636 Vali Loss: nan Test Loss: 0.0779924
Validation loss decreased (nan --> nan).  Saving model ...
Updating learning rate to 1.0941898913151242e-05
Epoch: 25 cost time: 36.08012056350708
Epoch: 25, Steps: 6 | Train Loss: 0.1702916 Vali Loss: nan Test Loss: 0.0782309
Validation loss decreased (nan --> nan).  Saving model ...
Updating learning rate to 9.847709021836118e-06
Epoch: 26 cost time: 31.176385402679443
Epoch: 26, Steps: 6 | Train Loss: 0.1724542 Vali Loss: nan Test Loss: 0.0780290
Validation loss decreased (nan --> nan).  Saving model ...
Updating learning rate to 8.862938119652508e-06
Epoch: 27 cost time: 34.89525628089905
